This file contains any messages produced by compilers while
running configure, to aid debugging if configure makes a mistake.

It was created by BCFtools configure 1.21, which was
generated by GNU Autoconf 2.72.  Invocation command line was

  $ ./configure

## --------- ##
## Platform. ##
## --------- ##

hostname = ubuntu181
uname -m = x86_64
uname -r = 6.8.0-48-generic
uname -s = Linux
uname -v = #48~22.04.1-Ubuntu SMP PREEMPT_DYNAMIC Mon Oct  7 11:24:13 UTC 2

/usr/bin/uname -p = x86_64
/bin/uname -X     = unknown

/bin/arch              = x86_64
/usr/bin/arch -k       = unknown
/usr/convex/getsysinfo = unknown
/usr/bin/hostinfo      = unknown
/bin/machine           = unknown
/usr/bin/oslevel       = unknown
/bin/universe          = unknown

PATH: /root/.cursor-server/cli/servers/Stable-2eaa79a1b14ccff5d1c78a2c358a08be16a8e5a0/server/bin/remote-cli/
PATH: /usr/local/sbin/
PATH: /usr/local/bin/
PATH: /usr/sbin/
PATH: /usr/bin/
PATH: /sbin/
PATH: /bin/
PATH: /usr/games/
PATH: /usr/local/games/
PATH: /snap/bin/


## ----------- ##
## Core tests. ##
## ----------- ##

configure:2400: checking for gcc
configure:2421: found /usr/bin/gcc
configure:2433: result: gcc
configure:2792: checking for C compiler version
configure:2801: gcc --version >&5
gcc (Ubuntu 11.4.0-1ubuntu1~22.04) 11.4.0
Copyright (C) 2021 Free Software Foundation, Inc.
This is free software; see the source for copying conditions.  There is NO
warranty; not even for MERCHANTABILITY or FITNESS FOR A PARTICULAR PURPOSE.

configure:2812: $? = 0
configure:2801: gcc -v >&5
Using built-in specs.
COLLECT_GCC=gcc
COLLECT_LTO_WRAPPER=/usr/lib/gcc/x86_64-linux-gnu/11/lto-wrapper
OFFLOAD_TARGET_NAMES=nvptx-none:amdgcn-amdhsa
OFFLOAD_TARGET_DEFAULT=1
Target: x86_64-linux-gnu
Configured with: ../src/configure -v --with-pkgversion='Ubuntu 11.4.0-1ubuntu1~22.04' --with-bugurl=file:///usr/share/doc/gcc-11/README.Bugs --enable-languages=c,ada,c++,go,brig,d,fortran,objc,obj-c++,m2 --prefix=/usr --with-gcc-major-version-only --program-suffix=-11 --program-prefix=x86_64-linux-gnu- --enable-shared --enable-linker-build-id --libexecdir=/usr/lib --without-included-gettext --enable-threads=posix --libdir=/usr/lib --enable-nls --enable-bootstrap --enable-clocale=gnu --enable-libstdcxx-debug --enable-libstdcxx-time=yes --with-default-libstdcxx-abi=new --enable-gnu-unique-object --disable-vtable-verify --enable-plugin --enable-default-pie --with-system-zlib --enable-libphobos-checking=release --with-target-system-zlib=auto --enable-objc-gc=auto --enable-multiarch --disable-werror --enable-cet --with-arch-32=i686 --with-abi=m64 --with-multilib-list=m32,m64,mx32 --enable-multilib --with-tune=generic --enable-offload-targets=nvptx-none=/build/gcc-11-XeT9lY/gcc-11-11.4.0/debian/tmp-nvptx/usr,amdgcn-amdhsa=/build/gcc-11-XeT9lY/gcc-11-11.4.0/debian/tmp-gcn/usr --without-cuda-driver --enable-checking=release --build=x86_64-linux-gnu --host=x86_64-linux-gnu --target=x86_64-linux-gnu --with-build-config=bootstrap-lto-lean --enable-link-serialization=2
Thread model: posix
Supported LTO compression algorithms: zlib zstd
gcc version 11.4.0 (Ubuntu 11.4.0-1ubuntu1~22.04) 
... rest of stderr output deleted ...
configure:2812: $? = 0
configure:2801: gcc -V >&5
gcc: error: unrecognized command-line option '-V'
gcc: fatal error: no input files
compilation terminated.
configure:2812: $? = 1
configure:2801: gcc -qversion >&5
gcc: error: unrecognized command-line option '-qversion'; did you mean '--version'?
gcc: fatal error: no input files
compilation terminated.
configure:2812: $? = 1
configure:2801: gcc -version >&5
gcc: error: unrecognized command-line option '-version'
gcc: fatal error: no input files
compilation terminated.
configure:2812: $? = 1
configure:2832: checking whether the C compiler works
configure:2854: gcc    conftest.c  >&5
configure:2858: $? = 0
configure:2909: result: yes
configure:2913: checking for C compiler default output file name
configure:2915: result: a.out
configure:2921: checking for suffix of executables
configure:2928: gcc -o conftest    conftest.c  >&5
configure:2932: $? = 0
configure:2956: result: 
configure:2980: checking whether we are cross compiling
configure:2988: gcc -o conftest    conftest.c  >&5
configure:2992: $? = 0
configure:2999: ./conftest
configure:3003: $? = 0
configure:3018: result: no
configure:3024: checking for suffix of object files
configure:3047: gcc -c   conftest.c >&5
configure:3051: $? = 0
configure:3075: result: o
configure:3079: checking whether the compiler supports GNU C
configure:3099: gcc -c   conftest.c >&5
configure:3099: $? = 0
configure:3111: result: yes
configure:3122: checking whether gcc accepts -g
configure:3143: gcc -c -g  conftest.c >&5
configure:3143: $? = 0
configure:3190: result: yes
configure:3210: checking for gcc option to enable C11 features
configure:3225: gcc  -c -g -O2  conftest.c >&5
configure:3225: $? = 0
configure:3244: result: none needed
configure:3363: checking for grep that handles long lines and -e
configure:3429: result: /usr/bin/grep
configure:3459: checking for C compiler warning flags
configure:3601: result: -Wall
configure:3706: checking for gcc option to enable large file support
configure:3741: gcc -c  -Wall -g -O2  conftest.c >&5
configure:3741: $? = 0
configure:3747: gcc -DFTYPE=ino_t -c  -Wall -g -O2  conftest.c >&5
configure:3747: $? = 0
configure:3772: result: none needed
configure:3978: checking location of HTSlib source tree
configure:3999: result: htslib-1.21
configure:4216: checking shared library type
configure:4246: result: plain .so
configure:4260: checking for library containing dlopen
configure:4296: gcc -o conftest  -Wall -g -O2   conftest.c  >&5
configure:4296: $? = 0
configure:4318: result: none required
configure:4411: checking if the compiler accepts -rdynamic
configure:4426: gcc -o conftest  -Wall -g -O2 -rdynamic   conftest.c  >&5
configure:4426: $? = 0
configure:4436: result: yes
configure:4450: checking for zlib.h
configure:4450: gcc -c  -Wall -g -O2  conftest.c >&5
configure:4450: $? = 0
configure:4450: result: yes
configure:4460: checking for inflate in -lz
configure:4489: gcc -o conftest  -Wall -g -O2   conftest.c -lz   >&5
configure:4489: $? = 0
configure:4501: result: yes
configure:4859: checking for library containing regcomp
configure:4895: gcc -o conftest  -Wall -g -O2   conftest.c  >&5
configure:4895: $? = 0
configure:4917: result: none required
configure:5054: creating ./config.status

## ---------------------- ##
## Running config.status. ##
## ---------------------- ##

This file was extended by BCFtools config.status 1.21, which was
generated by GNU Autoconf 2.72.  Invocation command line was

  CONFIG_FILES    = 
  CONFIG_HEADERS  = 
  CONFIG_LINKS    = 
  CONFIG_COMMANDS = 
  $ ./config.status 

on ubuntu181

config.status:804: creating config.mk
config.status:804: creating config.h
configure:6277: === configuring in htslib-1.21 (/srv/shiny-server/bcftools/bcftools-1.21/htslib-1.21)
configure:6338: running /bin/bash ./configure --disable-option-checking '--prefix=/usr/local'  --cache-file=/dev/null --srcdir=.

## ---------------- ##
## Cache variables. ##
## ---------------- ##

ac_cv_c_compiler_gnu=yes
ac_cv_env_CC_set=
ac_cv_env_CC_value=
ac_cv_env_CFLAGS_set=
ac_cv_env_CFLAGS_value=
ac_cv_env_CPPFLAGS_set=
ac_cv_env_CPPFLAGS_value=
ac_cv_env_LDFLAGS_set=
ac_cv_env_LDFLAGS_value=
ac_cv_env_LIBS_set=
ac_cv_env_LIBS_value=
ac_cv_env_build_alias_set=
ac_cv_env_build_alias_value=
ac_cv_env_host_alias_set=
ac_cv_env_host_alias_value=
ac_cv_env_target_alias_set=
ac_cv_env_target_alias_value=
ac_cv_header_zlib_h=yes
ac_cv_lib_z_inflate=yes
ac_cv_objext=o
ac_cv_path_GREP=/usr/bin/grep
ac_cv_prog_ac_ct_CC=gcc
ac_cv_prog_cc_c11=
ac_cv_prog_cc_g=yes
ac_cv_prog_cc_stdc=
ac_cv_search_dlopen='none required'
ac_cv_search_regcomp='none required'
ac_cv_sys_largefile_opts='none needed'
ax_cv_htslib=yes
ax_cv_htslib_which=source
hts_cv_prog_cc_warnings=-Wall

## ----------------- ##
## Output variables. ##
## ----------------- ##

CC='gcc'
CC_RDYNAMIC_OPT='-rdynamic'
CFLAGS=' -Wall -g -O2'
CPPFLAGS=''
DEFS='-DHAVE_CONFIG_H'
ECHO_C=''
ECHO_N='-n'
ECHO_T=''
EXEEXT=''
GREP='/usr/bin/grep'
GSL_LIBS=''
HTSDIR='htslib-1.21'
HTSLIB_CPPFLAGS='-Ihtslib-1.21'
HTSLIB_DLL=''
HTSLIB_LDFLAGS='-Lhtslib-1.21'
Hinstall='#'
Hsource=''
LDFLAGS=''
LIBOBJS=''
LIBS=''
LTLIBOBJS=''
OBJEXT='o'
PACKAGE_BUGREPORT='samtools-help@lists.sourceforge.net'
PACKAGE_NAME='BCFtools'
PACKAGE_STRING='BCFtools 1.21'
PACKAGE_TARNAME='bcftools'
PACKAGE_URL='http://www.htslib.org/'
PACKAGE_VERSION='1.21'
PATH_SEPARATOR=':'
PERL_CCOPTS=''
PERL_LIBS=''
PLATFORM='default'
PLUGIN_EXT='.so'
SHELL='/bin/bash'
USE_GPL=''
ac_ct_CC='gcc'
bcf_plugindir='$(libexecdir)/bcftools'
bcf_pluginpath='$(libexecdir)/bcftools'
bindir='${exec_prefix}/bin'
build_alias=''
datadir='${datarootdir}'
datarootdir='${prefix}/share'
docdir='${datarootdir}/doc/${PACKAGE_TARNAME}'
dvidir='${docdir}'
enable_bcftools_plugins='yes'
enable_perl_filters='no'
exec_prefix='${prefix}'
host_alias='unknown-Linux'
htmldir='${docdir}'
includedir='${prefix}/include'
infodir='${datarootdir}/info'
libdir='${exec_prefix}/lib'
libexecdir='${exec_prefix}/libexec'
localedir='${datarootdir}/locale'
localstatedir='${prefix}/var'
mandir='${datarootdir}/man'
oldincludedir='/usr/include'
pdfdir='${docdir}'
prefix='/usr/local'
program_transform_name='s,x,x,'
psdir='${docdir}'
runstatedir='${localstatedir}/run'
sbindir='${exec_prefix}/sbin'
sharedstatedir='${prefix}/com'
subdirs=' htslib-1.21'
sysconfdir='${prefix}/etc'
target_alias=''

## ----------- ##
## confdefs.h. ##
## ----------- ##

/* confdefs.h */
#define PACKAGE_NAME "BCFtools"
#define PACKAGE_TARNAME "bcftools"
#define PACKAGE_VERSION "1.21"
#define PACKAGE_STRING "BCFtools 1.21"
#define PACKAGE_BUGREPORT "samtools-help@lists.sourceforge.net"
#define PACKAGE_URL "http://www.htslib.org/"
#define PLUGIN_EXT ".so"
#define ENABLE_BCF_PLUGINS 1
#define HAVE_LIBZ 1

configure: exit 0
